
=== Wed Dec 15 20:10:35 2021

Packages were changed.
Update Mode: updateDependencies

The following packages were added:
  com.unity.2d.sprite@1.0.0
  com.unity.2d.tilemap@1.0.0
  com.unity.ide.rider@2.0.7
  com.unity.ide.visualstudio@2.0.11
  com.unity.ide.vscode@1.2.4
  com.unity.modules.androidjni@1.0.0
  com.unity.test-framework@1.1.29
  com.unity.ugui@1.0.0
The following packages were updated:
  com.unity.ads from version 2.0.8 to 3.7.5
  com.unity.analytics from version 3.2.2 to 3.6.11
  com.unity.cinemachine from version 2.3.3 to 2.5.0
  com.unity.collab-proxy from version 1.2.15 to 1.13.5
  com.unity.postprocessing from version 2.1.3 to 2.3.0
  com.unity.purchasing from version 2.0.1 to 4.0.3
  com.unity.textmeshpro from version 1.3.0 to 3.0.6
  com.unity.timeline from version 1.0.0 to 1.4.8
The following packages were removed:
  com.unity.package-manager-ui@2.1.1

=== Mon Dec  9 16:54:37 2024

Packages were changed.
Update Mode: updateDependencies

The following packages were added:
  com.unity.ai.navigation@1.1.5
The following packages were updated:
  com.unity.ads from version 3.7.5 to 4.4.2
  com.unity.analytics from version 3.6.11 to 3.8.1
  com.unity.cinemachine from version 2.5.0 to 2.10.1
  com.unity.collab-proxy from version 1.13.5 to 2.5.1
  com.unity.ide.rider from version 2.0.7 to 3.0.31
  com.unity.ide.visualstudio from version 2.0.11 to 2.0.22
  com.unity.ide.vscode from version 1.2.4 to 1.2.5
  com.unity.postprocessing from version 2.3.0 to 3.4.0
  com.unity.purchasing from version 4.0.3 to 4.11.0
  com.unity.test-framework from version 1.1.29 to 1.1.33
  com.unity.textmeshpro from version 3.0.6 to 3.0.7
  com.unity.timeline from version 1.4.8 to 1.7.6
